Change Component Designator: Old Designator=C1 New Designator=C200
Change Component Designator: Old Designator=C2 New Designator=C201
Change Component Designator: Old Designator=C3 New Designator=C202
Change Component Designator: Old Designator=C4 New Designator=C203
Change Component Designator: Old Designator=C5 New Designator=C204
Change Component Designator: Old Designator=C6 New Designator=C205
Change Component Designator: Old Designator=C7 New Designator=C206
Change Component Designator: Old Designator=C8 New Designator=C207
Change Component Designator: Old Designator=C9 New Designator=C208
Change Component Designator: Old Designator=C10 New Designator=C209
Change Component Designator: Old Designator=C11 New Designator=C210
Change Component Designator: Old Designator=C12 New Designator=C211
Change Component Designator: Old Designator=C13 New Designator=C212
Change Component Designator: Old Designator=C14 New Designator=C213
Change Component Designator: Old Designator=F1 New Designator=F200
Change Component Designator: Old Designator=J1 New Designator=J200
Change Component Designator: Old Designator=R3 New Designator=R200
Change Component Designator: Old Designator=R4 New Designator=R201
Change Component Designator: Old Designator=R5 New Designator=R202
Change Component Designator: Old Designator=R6 New Designator=R203
Change Component Designator: Old Designator=R7 New Designator=R204
Change Component Designator: Old Designator=R8 New Designator=R205
Change Component Designator: Old Designator=R9 New Designator=R206
Change Component Designator: Old Designator=SW1 New Designator=SW200
Change Component Designator: Old Designator=SW2 New Designator=SW201
Change Component Designator: Old Designator=TP1 New Designator=TP200
Change Component Designator: Old Designator=TP2 New Designator=TP201
Change Component Designator: Old Designator=U1 New Designator=U200
Change Component Designator: Old Designator=U2 New Designator=U201
Change Component Designator: Old Designator=X1 New Designator=X200
